mode: set
einfach-msg/internal/app/message/core.go:17.51,21.2 1 1
einfach-msg/internal/app/message/create.go:13.66,16.16 3 1
einfach-msg/internal/app/message/create.go:21.2,21.15 1 1
einfach-msg/internal/app/message/create.go:28.2,29.16 2 1
einfach-msg/internal/app/message/create.go:35.2,41.16 4 1
einfach-msg/internal/app/message/create.go:47.2,49.8 3 1
einfach-msg/internal/app/message/create.go:16.16,20.3 3 0
einfach-msg/internal/app/message/create.go:21.15,23.17 2 1
einfach-msg/internal/app/message/create.go:23.17,25.4 1 0
einfach-msg/internal/app/message/create.go:29.16,33.3 3 1
einfach-msg/internal/app/message/create.go:41.16,45.3 3 1
einfach-msg/internal/app/message/create.go:52.92,54.16 2 1
einfach-msg/internal/app/message/create.go:62.2,65.16 4 1
einfach-msg/internal/app/message/create.go:69.2,69.8 1 1
einfach-msg/internal/app/message/create.go:55.24,56.35 1 1
einfach-msg/internal/app/message/create.go:57.23,58.45 1 1
einfach-msg/internal/app/message/create.go:59.10,60.37 1 0
einfach-msg/internal/app/message/create.go:65.16,67.3 1 0
einfach-msg/internal/app/message/get.go:11.63,16.16 4 1
einfach-msg/internal/app/message/get.go:29.2,29.35 1 1
einfach-msg/internal/app/message/get.go:41.2,49.16 6 1
einfach-msg/internal/app/message/get.go:53.2,53.8 1 1
einfach-msg/internal/app/message/get.go:16.16,22.17 5 1
einfach-msg/internal/app/message/get.go:26.3,26.9 1 1
einfach-msg/internal/app/message/get.go:22.17,24.4 1 0
einfach-msg/internal/app/message/get.go:29.35,39.3 1 1
einfach-msg/internal/app/message/get.go:49.16,51.3 1 0
